<?xml version="1.0" encoding="UTF-8"?>
<Site BuildName="(empty)"
	BuildStamp="20260226-1313-Experimental"
	Name="EPD-9000003567"
	Generator="ctest-3.22.1"
	CompilerName="/usr/bin/g++"
	CompilerVersion="11.4.0"
	OSName="Linux"
	Hostname="EPD-9000003567"
	OSRelease="6.8.0-100-generic"
	OSVersion="#100~22.04.1-Ubuntu SMP PREEMPT_DYNAMIC Mon Jan 19 17:10:19 UTC "
	OSPlatform="x86_64"
	Is64Bits="1"
	VendorString="GenuineIntel"
	VendorID="Intel Corporation"
	FamilyID="6"
	ModelID="183"
	ProcessorCacheSize="36864"
	NumberOfLogicalCPU="32"
	NumberOfPhysicalCPU="24"
	TotalVirtualMemory="0"
	TotalPhysicalMemory="31862"
	LogicalProcessorsPerPhysical="1"
	ProcessorClockFrequency="926.865"
	>
	<Testing>
		<StartDateTime>Feb 26 21:17 +08</StartDateTime>
		<StartTestTime>1772111846</StartTestTime>
		<TestList/>
		<EndDateTime>Feb 26 21:17 +08</EndDateTime>
		<EndTestTime>1772111846</EndTestTime>
		<ElapsedMinutes>0</ElapsedMinutes>
	</Testing>
</Site>
